[2026-03-21 10:45] Paper collection completed: 3 new papers collected, 46 total

New papers:
- papers/2025/advancing_ocean_state_estimation_with_efficient_an
- papers/2025/data-driven_reconstruction_of_significant_wave_hei
- papers/2025/small_ensemble-based_data_assimilation_a_machine_l
---
[2026-03-21 10:45] Paper collection completed: 3 new papers collected, 46 total

New papers:
- papers/2025/deep_learning_in_the_abyss_a_stratified_physics_in
- papers/2025/observation-only_learning_of_neural_mapping_scheme
- papers/2026/probabilistic_reconstruction_of_global_sea_surface
---
[2026-03-21 10:50] Paper collection completed: 3 new papers collected, 49 total

New papers:
- papers/2024/long-range_vision-based_uav-assisted_localization_
- papers/2025/prediction_of_sea_ice_velocity_and_concentration_i
- papers/2025/physical_informed_neural_networks_for_modeling_oce
---
[2026-03-21 10:55] Paper collection completed: 3 new papers collected, 52 total

New papers:
- papers/2025/causal_operator_discovery_in_partial_differential_
- papers/2026/hybridom_hybrid_physics-based_and_data-driven_glob
- papers/2025/sstode_ocean-atmosphere_physics-informed_neural_od
---
[2026-03-21 11:00] Paper collection completed: 3 new papers collected, 55 total

New papers:
- papers/2025/leveraging_an_atmospheric_foundational_model_for_s
- papers/2026/towards_efficient_and_stable_ocean_state_forecasti
- papers/2026/reduced-order_surrogates_for_forced_flexible_mesh_
---
[2026-03-21 11:05] Paper collection completed: 3 new papers collected, 58 total

New papers:
- papers/2025/optimizing_auv_speed_dynamics_with_a_data-driven_k
- papers/2026/lagrangian_conditional_gaussian_koopman_network_fo
- papers/2025/modeling_partially_observed_nonlinear_dynamical_sy
---
[2026-03-21 11:10] Paper collection completed: 3 new papers collected, 61 total

New papers:
- papers/2024/cgkn_a_deep_learning_framework_for_modeling_comple
- papers/2026/spatio-temporal_modeling_and_forecasting_with_four
- papers/2025/swr-viz_ai-assisted_interactive_visual_analytics_f
---
[2026-03-21 11:15] Paper collection completed: 3 new papers collected, 64 total

New papers:
- papers/2025/principled_operator_learning_in_ocean_dynamics_the
- papers/2025/meta-learning_fourier_neural_operators_for_hessian
- papers/2026/cnn-based_forecasting_of_early_winter_nao_using_se
---
[2026-03-21 11:20] Paper collection completed: 3 new papers collected, 67 total

New papers:
- papers/2026/turning_time_series_into_algebraic_equations_symbo
- papers/2026/large-ensemble_simulations_reveal_links_between_at
- papers/2025/digestible_pieces_comparing_three_options_for_part
---
[2026-03-21 11:30] Paper collection completed: 3 new papers collected, 70 total

New papers:
- papers/2025/gtsforecaster_a_novel_deep_learning_based_geodetic
- papers/2026/ensemble_graph_neural_networks_for_probabilistic_s
- papers/2025/neural_ocean_forecasting_from_sparse_satellite-der
---
[2026-03-21 11:32] Paper collection completed: 3 new papers collected, 73 total

New papers:
- papers/2025/oceanforecastbench_a_benchmark_dataset_for_data-dr
- papers/2026/benchmarking_artificial_intelligence_models_for_da
- papers/2026/data_driven_air_entrainment_velocity_parameterizat
---
[2026-03-21 11:35] Paper collection completed: 3 new papers collected, 76 total

New papers:
- papers/2026/eddy-resolving_global_ocean_forecasting_with_multi
- papers/2026/advanced_global_wildfire_activity_modeling_with_hi
- papers/2023/application_of_deep_learning_to_the_estimation_of_
---
[2026-03-21 11:40] Paper collection completed: 3 new papers collected, 79 total

New papers:
- papers/2023/deep_learning_of_systematic_sea_ice_model_errors_f
- papers/2022/4dvarnet-ssh_end-to-end_learning_of_variational_in
- papers/2026/two_localization_strategies_for_sequential_mcmc_da
---
[2026-03-21 11:45] Paper collection completed: 3 new papers collected, 82 total

New papers:
- papers/2025/assimilation_of_swot_altimetry_data_for_riverine_f
- papers/2015/framework_for_interpreting_regularized_state_estim
- papers/2014/optimal_boundary_conditions_at_the_staircase-shape
---
[2026-03-21 11:50] Paper collection completed: 3 new papers collected, 85 total

New papers:
- papers/2012/optimal_boundary_conditions_for_orca-2_model
- papers/2026/explore_the_ideology_of_deep_learning_in_enso_fore
- papers/2025/extratropical_atmospheric_circulation_response_to_
---
[2026-03-21 11:55] Paper collection completed: 3 new papers collected, 88 total

New papers:
- papers/2023/on_the_relative_role_of_east_and_west_pacific_sea_
- papers/2026/function-space_decoupled_diffusion_for_forward_and
- papers/2026/machine_learning_enhanced_data_assimilation_framew
---
[2026-03-21 12:00] Paper collection completed: 3 new papers collected, 91 total

New papers:
- papers/2025/integrating_score-based_diffusion_models_with_mach
- papers/2026/versatile_laboratory_approach_to_reproduce_and_ana
- papers/2023/deep-learning_real-time_bias_correction_method_for
---
[2026-03-21 12:05] Paper collection completed: 1 new papers collected, 92 total

New papers:
- papers/2021/using_machine_learning_at_scale_in_hpc_simulations
---
[2026-03-21 12:10] Paper collection completed: 0 new papers collected, 92 total (all already collected)
---
[2026-03-21 12:15] Paper collection completed: 0 new papers collected, 92 total (all already collected)
---
[2026-03-21 12:26] Paper collection completed: 0 new papers collected, 92 total (all already collected)
---
[2026-03-21 12:30] Paper collection completed: 0 new papers collected, 92 total (all already collected)
---
[2026-03-21 12:35] Paper collection completed: 0 new papers collected, 92 total (all already collected)
---
[2026-03-21 12:40] Paper collection completed: 0 new papers collected, 92 total (all already collected)
---
[2026-03-21 12:45] Paper collection completed: 0 new papers collected, 92 total (all already collected)
---
[2026-03-21 12:50] Paper collection completed: 0 new papers collected, 92 total (all already collected)
---
[2026-03-21 12:55] Paper collection completed: 0 new papers collected, 92 total (all already collected)
---
[2026-03-21 13:00] Paper collection completed: 0 new papers collected, 92 total (all already collected)
---
[2026-03-21 13:05] Paper collection completed: 0 new papers collected, 92 total (all already collected)
---
[2026-03-21 13:10] Paper collection completed: 0 new papers collected, 92 total (all already collected)
---
[2026-03-21 13:15] Paper collection completed: 0 new papers collected, 92 total (all already collected)
---
[2026-03-21 13:20] Paper collection completed: 0 new papers collected, 92 total (all already collected)
---
[2026-03-21 13:25] Paper collection completed: 0 new papers collected, 92 total (all already collected)
---
[2026-03-21 13:30] Paper collection completed: 0 new papers collected, 92 total (all already collected)
---
[2026-03-21 13:35] Paper collection completed: 0 new papers collected, 92 total (all already collected)
---
[2026-03-21 13:40] Paper collection completed: 0 new papers collected, 92 total (all already collected)
---
[2026-03-21 13:45] Paper collection completed: 0 new papers collected, 92 total (all already collected)
---
[2026-03-21 13:50] Paper collection completed: 0 new papers collected, 92 total (all already collected)
---
[2026-03-21 13:55] Paper collection completed: 0 new papers collected, 92 total (all already collected)
---
[2026-03-21 14:00] Paper collection completed: 0 new papers collected, 92 total (all already collected)
---
[2026-03-21 14:05] Paper collection completed: 0 new papers collected, 92 total (all already collected)
---
[2026-03-21 14:10] Paper collection completed: 0 new papers collected, 92 total (all already collected)
---
[2026-03-21 14:15] Paper collection completed: 0 new papers collected, 92 total (all already collected)
---
[2026-03-21 14:20] Paper collection completed: 0 new papers collected, 92 total (all already collected)
[2026-03-21 14:25] Paper collection completed: 0 new papers collected, 92 total (all already collected)
[2026-03-21 14:30] Paper collection completed: 0 new papers collected, 92 total (all already collected)
[2026-03-21 14:35] Paper collection completed: 0 new papers collected, 92 total (all already collected)
[2026-03-21 14:40] Paper collection completed: 0 new papers collected, 92 total (all already collected)
[2026-03-21 14:45] Paper collection completed: 0 new papers collected, 92 total (all already collected)
[2026-03-21 14:50] Paper collection completed: 0 new papers collected, 92 total (all already collected)
[2026-03-21 14:55] Paper collection completed: 0 new papers collected, 92 total (all already collected)
[2026-03-21 15:00] Paper collection completed: 0 new papers collected, 92 total (all already collected)
[2026-03-21 15:05] Paper collection completed: 0 new papers collected, 92 total (all already collected)
[2026-03-21 15:10] Paper collection completed: 0 new papers collected, 92 total (all already collected)
[2026-03-21 15:15] Paper collection completed: 0 new papers collected, 92 total (all already collected)
